2022-06-12 18:01:37.064 [main][2728] DEBUG io.netty.util.internal.logging.InternalLoggerFactory - Using Log4J2 as the default logging framework
2022-06-12 18:01:37.076 [main][2740] DEBUG io.netty.util.ResourceLeakDetector - -Dio.netty.leakDetection.level: simple
2022-06-12 18:01:37.076 [main][2740] DEBUG io.netty.util.ResourceLeakDetector - -Dio.netty.leakDetection.targetRecords: 4
2022-06-12 18:01:37.081 [main][2745] DEBUG io.netty.util.ResourceLeakDetectorFactory - Loaded default ResourceLeakDetector: io.netty.util.ResourceLeakDetector@5c20aab9
2022-06-12 18:01:37.106 [main][2770] DEBUG io.netty.util.internal.PlatformDependent0 - -Dio.netty.noUnsafe: false
2022-06-12 18:01:37.106 [main][2770] DEBUG io.netty.util.internal.PlatformDependent0 - Java version: 11
2022-06-12 18:01:37.108 [main][2772] DEBUG io.netty.util.internal.PlatformDependent0 - sun.misc.Unsafe.theUnsafe: available
2022-06-12 18:01:37.109 [main][2773] DEBUG io.netty.util.internal.PlatformDependent0 - sun.misc.Unsafe.copyMemory: available
2022-06-12 18:01:37.110 [main][2774] DEBUG io.netty.util.internal.PlatformDependent0 - sun.misc.Unsafe.storeFence: available
2022-06-12 18:01:37.110 [main][2774] DEBUG io.netty.util.internal.PlatformDependent0 - java.nio.Buffer.address: available
2022-06-12 18:01:37.110 [main][2774] DEBUG io.netty.util.internal.PlatformDependent0 - direct buffer constructor: unavailable: Reflective setAccessible(true) disabled
2022-06-12 18:01:37.111 [main][2775] DEBUG io.netty.util.internal.PlatformDependent0 - java.nio.Bits.unaligned: available, true
2022-06-12 18:01:37.112 [main][2776] DEBUG io.netty.util.internal.PlatformDependent0 - jdk.internal.misc.Unsafe.allocateUninitializedArray(int): unavailable: class io.netty.util.internal.PlatformDependent0$7 cannot access class jdk.internal.misc.Unsafe (in module java.base) because module java.base does not export jdk.internal.misc to unnamed module @45bb2aa1
2022-06-12 18:01:37.113 [main][2777] DEBUG io.netty.util.internal.PlatformDependent0 - java.nio.DirectByteBuffer.<init>(long, int): unavailable
2022-06-12 18:01:37.113 [main][2777] DEBUG io.netty.util.internal.PlatformDependent - sun.misc.Unsafe: available
2022-06-12 18:01:37.113 [main][2777] DEBUG io.netty.util.internal.PlatformDependent - maxDirectMemory: 2147483648 bytes (maybe)
2022-06-12 18:01:37.114 [main][2778] DEBUG io.netty.util.internal.PlatformDependent - -Dio.netty.tmpdir: /var/folders/03/72hdn4qx7nj7g7kkk2s_2bcr0000gn/T (java.io.tmpdir)
2022-06-12 18:01:37.114 [main][2778] DEBUG io.netty.util.internal.PlatformDependent - -Dio.netty.bitMode: 64 (sun.arch.data.model)
2022-06-12 18:01:37.114 [main][2778] DEBUG io.netty.util.internal.PlatformDependent - Platform: MacOS
2022-06-12 18:01:37.115 [main][2779] DEBUG io.netty.util.internal.PlatformDependent - -Dio.netty.maxDirectMemory: -1 bytes
2022-06-12 18:01:37.115 [main][2779] DEBUG io.netty.util.internal.PlatformDependent - -Dio.netty.uninitializedArrayAllocationThreshold: -1
2022-06-12 18:01:37.116 [main][2780] DEBUG io.netty.util.internal.CleanerJava9 - java.nio.ByteBuffer.cleaner(): available
2022-06-12 18:01:37.116 [main][2780] DEBUG io.netty.util.internal.PlatformDependent - -Dio.netty.noPreferDirect: false
2022-06-12 18:01:37.122 [main][2786] DEBUG io.netty.util.internal.PlatformDependent - org.jctools-core.MpscChunkedArrayQueue: available
2022-06-12 18:01:37.156 [main][2820] DEBUG io.netty.util.internal.InternalThreadLocalMap - -Dio.netty.threadLocalMap.stringBuilder.initialSize: 1024
2022-06-12 18:01:37.156 [main][2820] DEBUG io.netty.util.internal.InternalThreadLocalMap - -Dio.netty.threadLocalMap.stringBuilder.maxSize: 4096
2022-06-12 18:01:37.173 [main][2837] DEBUG io.netty.handler.ssl.JdkSslContext - Default protocols (JDK): [TLSv1.3, TLSv1.2, TLSv1.1, TLSv1] 
2022-06-12 18:01:37.173 [main][2837] DEBUG io.netty.handler.ssl.JdkSslContext - Default cipher suites (JDK): [TLS_ECDHE_ECDSA_WITH_AES_256_GCM_SHA384, TLS_ECDHE_ECDSA_WITH_AES_128_GCM_SHA256, TLS_ECDHE_RSA_WITH_AES_128_GCM_SHA256, TLS_ECDHE_RSA_WITH_AES_256_GCM_SHA384, TLS_ECDHE_RSA_WITH_AES_128_CBC_SHA, TLS_ECDHE_RSA_WITH_AES_256_CBC_SHA, TLS_RSA_WITH_AES_128_GCM_SHA256, TLS_RSA_WITH_AES_128_CBC_SHA, TLS_RSA_WITH_AES_256_CBC_SHA, TLS_AES_128_GCM_SHA256, TLS_AES_256_GCM_SHA384]
2022-06-12 18:01:37.210 [main][2874] DEBUG io.netty.channel.MultithreadEventLoopGroup - -Dio.netty.eventLoopThreads: 8
2022-06-12 18:01:37.219 [main][2883] DEBUG io.netty.channel.nio.NioEventLoop - -Dio.netty.noKeySetOptimization: false
2022-06-12 18:01:37.219 [main][2883] DEBUG io.netty.channel.nio.NioEventLoop - -Dio.netty.selectorAutoRebuildThreshold: 512
2022-06-12 18:01:37.265 [main][2929] DEBUG io.netty.buffer.PooledByteBufAllocator - -Dio.netty.allocator.numHeapArenas: 8
2022-06-12 18:01:37.265 [main][2929] DEBUG io.netty.buffer.PooledByteBufAllocator - -Dio.netty.allocator.numDirectArenas: 8
2022-06-12 18:01:37.265 [main][2929] DEBUG io.netty.buffer.PooledByteBufAllocator - -Dio.netty.allocator.pageSize: 8192
2022-06-12 18:01:37.265 [main][2929] DEBUG io.netty.buffer.PooledByteBufAllocator - -Dio.netty.allocator.maxOrder: 9
2022-06-12 18:01:37.265 [main][2929] DEBUG io.netty.buffer.PooledByteBufAllocator - -Dio.netty.allocator.chunkSize: 4194304
2022-06-12 18:01:37.265 [main][2929] DEBUG io.netty.buffer.PooledByteBufAllocator - -Dio.netty.allocator.smallCacheSize: 256
2022-06-12 18:01:37.265 [main][2929] DEBUG io.netty.buffer.PooledByteBufAllocator - -Dio.netty.allocator.normalCacheSize: 64
2022-06-12 18:01:37.265 [main][2929] DEBUG io.netty.buffer.PooledByteBufAllocator - -Dio.netty.allocator.maxCachedBufferCapacity: 32768
2022-06-12 18:01:37.266 [main][2930] DEBUG io.netty.buffer.PooledByteBufAllocator - -Dio.netty.allocator.cacheTrimInterval: 8192
2022-06-12 18:01:37.266 [main][2930] DEBUG io.netty.buffer.PooledByteBufAllocator - -Dio.netty.allocator.cacheTrimIntervalMillis: 0
2022-06-12 18:01:37.266 [main][2930] DEBUG io.netty.buffer.PooledByteBufAllocator - -Dio.netty.allocator.useCacheForAllThreads: false
2022-06-12 18:01:37.266 [main][2930] DEBUG io.netty.buffer.PooledByteBufAllocator - -Dio.netty.allocator.maxCachedByteBuffersPerChunk: 1023
2022-06-12 18:01:37.282 [main][2946] DEBUG io.netty.buffer.ByteBufUtil - -Dio.netty.allocator.type: pooled
2022-06-12 18:01:37.282 [main][2946] DEBUG io.netty.buffer.ByteBufUtil - -Dio.netty.threadLocalDirectBufferSize: 0
2022-06-12 18:01:37.282 [main][2946] DEBUG io.netty.buffer.ByteBufUtil - -Dio.netty.maxThreadLocalCharBufferSize: 16384
2022-06-12 18:01:37.576 [Forwarding newSession on session null to remote][3240] DEBUG io.netty.channel.DefaultChannelId - -Dio.netty.processId: 85818 (auto-detected)
2022-06-12 18:01:37.579 [Forwarding newSession on session null to remote][3243] DEBUG io.netty.util.NetUtil - -Djava.net.preferIPv4Stack: false
2022-06-12 18:01:37.579 [Forwarding newSession on session null to remote][3243] DEBUG io.netty.util.NetUtil - -Djava.net.preferIPv6Addresses: false
2022-06-12 18:01:37.586 [Forwarding newSession on session null to remote][3250] DEBUG io.netty.util.NetUtilInitializations - Loopback interface: lo0 (lo0, 0:0:0:0:0:0:0:1%lo0)
2022-06-12 18:01:37.586 [Forwarding newSession on session null to remote][3250] DEBUG io.netty.util.NetUtil - Failed to get SOMAXCONN from sysctl and file /proc/sys/net/core/somaxconn. Default: 128
2022-06-12 18:01:37.589 [Forwarding newSession on session null to remote][3253] DEBUG io.netty.channel.DefaultChannelId - -Dio.netty.machineId: f0:18:98:ff:fe:8b:3d:ac (auto-detected)
2022-06-12 18:01:37.646 [AsyncHttpClient-1-2][3310] DEBUG io.netty.buffer.AbstractByteBuf - -Dio.netty.buffer.checkAccessible: true
2022-06-12 18:01:37.646 [AsyncHttpClient-1-2][3310] DEBUG io.netty.buffer.AbstractByteBuf - -Dio.netty.buffer.checkBounds: true
2022-06-12 18:01:37.646 [AsyncHttpClient-1-2][3310] DEBUG io.netty.util.ResourceLeakDetectorFactory - Loaded default ResourceLeakDetector: io.netty.util.ResourceLeakDetector@11596331
2022-06-12 18:01:37.669 [AsyncHttpClient-1-2][3333] DEBUG io.netty.util.Recycler - -Dio.netty.recycler.maxCapacityPerThread: 4096
2022-06-12 18:01:37.669 [AsyncHttpClient-1-2][3333] DEBUG io.netty.util.Recycler - -Dio.netty.recycler.ratio: 8
2022-06-12 18:01:37.669 [AsyncHttpClient-1-2][3333] DEBUG io.netty.util.Recycler - -Dio.netty.recycler.chunkSize: 32
2022-06-12 18:01:37.669 [AsyncHttpClient-1-2][3333] DEBUG io.netty.util.Recycler - -Dio.netty.recycler.blocking: false
2022-06-12 18:01:39.920 [AsyncHttpClient-1-2][5584] DEBUG io.netty.handler.codec.compression.Brotli - brotli4j not in the classpath; Brotli support will be unavailable.
2022-06-12 18:01:40.053 [main][5717] DEBUG io.netty.util.internal.ThreadLocalRandom - -Dio.netty.initialSeedUniquifier: 0xea292d73a1c54c86
